Could not find file 'D:\Backup\Trabalho\Source\CloneVBNET\CloneRepo\.svn\wc.db-journal'.
Could not find file 'D:\Backup\Media\Home Videos\Elvis in concert 1977 with original stereo CD audio.mp4.part'.
The process cannot access the file 'H:\Backup\Media\Movies\Rockabilly\Cry.Baby.1990.WS.DVDRip.XViD.iNT-EwDp\Subs\ewdp-crybaby.xvid.subs.rar' because it is being used by another process.
The process cannot access the file 'D:\Backup\Media\Movies\Rockabilly\Cry.Baby.1990.WS.DVDRip.XViD.iNT-EwDp_\ewdp-crybaby.xvid.avi' because it is being used by another process.
The process cannot access the file 'D:\Backup\Media\Movies\Rockabilly\Cry.Baby.1990.WS.DVDRip.XViD.iNT-EwDp_\ewdp-crybaby.xvid.nfo' because it is being used by another process.
The process cannot access the file 'D:\Backup\Media\Movies\Rockabilly\Cry.Baby.1990.WS.DVDRip.XViD.iNT-EwDp_\~uTorrentPartFile_2C578B93.dat' because it is being used by another process.
The process cannot access the file 'D:\Backup\Media\Movies\Rockabilly\Cry.Baby.1990.WS.DVDRip.XViD.iNT-EwDp_\Subs\ewdp-crybaby.xvid.subs.rar' because it is being used by another process.
The process cannot access the file 'D:\Backup\Media\Movies\Rockabilly\Cry.Baby.1990.WS.DVDRip.XViD.iNT-EwDp_\ewdp-crybaby.xvid.avi' because it is being used by another process.
The process cannot access the file 'D:\Backup\Media\Movies\Rockabilly\Cry.Baby.1990.WS.DVDRip.XViD.iNT-EwDp_\Subs\Novo Documento de Texto.txt' because it is being used by another process.
The process cannot access the file 'H:\Backup\Media\Movies\Rockabilly\Cry.Baby.1990.WS.DVDRip.XViD.iNT-EwDp____\Subs\ewdp-crybaby.xvid.subs.rar' because it is being used by another process.
The process cannot access the file 'H:\Backup\Media\Movies\Rockabilly\Cry.Baby.1990.WS.DVDRip.XViD.iNT-EwDp\Subs\ewdp-crybaby.xvid.subs.rar' because it is being used by another process.
The process cannot access the file 'D:\Backup\Media\Movies\Rockabilly\Cry.Baby.1990.WS.DVDRip.XViD.iNT-EwDp\ewdp-crybaby.xvid.avi' because it is being used by another process.
The process cannot access the file 'D:\Backup\Media\Movies\Rockabilly\Cry.Baby.1990.WS.DVDRip.XViD.iNT-EwDp\ewdp-crybaby.xvid.nfo' because it is being used by another process.
The process cannot access the file 'D:\Backup\Media\Movies\Rockabilly\Cry.Baby.1990.WS.DVDRip.XViD.iNT-EwDp\~uTorrentPartFile_2C578B93.dat' because it is being used by another process.
The process cannot access the file 'D:\Backup\Media\Movies\Rockabilly\Cry.Baby.1990.WS.DVDRip.XViD.iNT-EwDp\ewdp-crybaby.xvid.avi' because it is being used by another process.
The process cannot access the file 'D:\Backup\Media\Movies\Rockabilly\Cry.Baby.1990.WS.DVDRip.XViD.iNT-EwDp\ewdp-crybaby.xvid.nfo' because it is being used by another process.
The process cannot access the file 'D:\Backup\Media\Movies\Rockabilly\Cry.Baby.1990.WS.DVDRip.XViD.iNT-EwDp\~uTorrentPartFile_2C578B93.dat' because it is being used by another process.
The process cannot access the file 'D:\Backup\Media\Movies\Rockabilly\Cry.Baby.1990.WS.DVDRip.XViD.iNT-EwDp\ewdp-crybaby.xvid.avi' because it is being used by another process.
The process cannot access the file 'H:\Backup\Media\Movies\Rockabilly\Cry.Baby.1990.WS.DVDRip.XViD.iNT-EwDp\ewdp-crybaby.xvid.avi' because it is being used by another process.
The process cannot access the file 'H:\Backup\Media\Movies\Rockabilly\Cry.Baby.1990.WS.DVDRip.XViD.iNT-EwDp\ewdp-crybaby.xvid.avi' because it is being used by another process.
Could not find file 'D:\Backup\Trabalho\Source\CloneVBNET\CloneRepo\.svn\wc.db-journal'.
Could not find file 'D:\Backup\Trabalho\Source\CloneVBNET\CloneRepo\.svn\wc.db-journal'.
Could not find a part of the path 'D:\Backup\Trabalho\Source\CloneVBNET\CloneRepo\.svn\tmp\svn-E0454638'.
Could not find a part of the path 'D:\Backup\Trabalho\Source\CloneVBNET\CloneRepo\.svn\tmp\svn-E052EE46'.
Could not find a part of the path 'D:\Backup\Trabalho\Source\CloneVBNET\CloneRepo\.svn\tmp\svn-E05B3654'.
Could not find a part of the path 'D:\Backup\Trabalho\Source\CloneVBNET\CloneRepo\.svn\tmp\svn-E065EE62'.
Could not find a part of the path 'D:\Backup\Trabalho\Source\CloneVBNET\CloneRepo\.svn\tmp\svn-E06DBE70'.
Could not find file 'D:\Backup\Trabalho\Source\CloneVBNET\CloneRepo\.svn\tmp\svn-E078F67E'.
Could not find a part of the path 'D:\Backup\Trabalho\Source\CloneVBNET\CloneRepo\.svn\tmp\svn-E07FC68C'.
Could not find file 'D:\Backup\Trabalho\Source\CloneVBNET\CloneRepo\.svn\tmp\svn-E08D6E9A'.
Could not find a part of the path 'D:\Backup\Trabalho\Source\CloneVBNET\CloneRepo\.svn\tmp\svn-E0943EA8'.
Could not find a part of the path 'D:\Backup\Trabalho\Source\CloneVBNET\CloneRepo\.svn\tmp\svn-E0A1E6C4'.
Could not find file 'D:\Backup\Trabalho\Source\CloneVBNET\CloneRepo\.svn\tmp\svn-E0AD1ED2'.
Could not find a part of the path 'D:\Backup\Trabalho\Source\CloneVBNET\CloneRepo\.svn\tmp\svn-E0B3EEE0'.
Could not find a part of the path 'D:\Backup\Trabalho\Source\CloneVBNET\CloneRepo\.svn\tmp\svn-E0BB3EEE'.
Could not find a part of the path 'D:\Backup\Trabalho\Source\CloneVBNET\CloneRepo\.svn\tmp\svn-E0C296FC'.
