Could not find file 'D:\Backup\Trabalho\AndroidWS\SMSMarketing\.svn\wc.db-journal'.
Could not find file 'D:\Backup\Trabalho\AndroidWS\SMSMarketing\.svn\tmp\svn-561C81E0'.
Could not find a part of the path 'H:\Backup\Trabalho\AndroidWS\SMSMarketing\.svn\pristine\c8\c805b56f8635460fd0d1cb7861ea36e38d34f193.svn-base'.
Could not find file 'D:\Backup\Trabalho\AndroidWS\SMSMarketing\.svn\tmp\svn-562351EE'.
Could not find file 'D:\Backup\Trabalho\AndroidWS\SMSMarketing\.svn\tmp\svn-562A29FC'.
Could not find file 'D:\Backup\Trabalho\AndroidWS\SMSMarketing\.svn\tmp\svn-5630FA0A'.
Could not find file 'D:\Backup\Trabalho\AndroidWS\SMSMarketing\.svn\tmp\svn-56375218'.
Could not find file 'D:\Backup\Trabalho\AndroidWS\SMSMarketing\.svn\tmp\svn-563E2226'.
Could not find a part of the path 'D:\Backup\Trabalho\AndroidWS\SMSMarketing\.svn\tmp\svn-5644FA34'.
Could not find file 'D:\Backup\Trabalho\AndroidWS\SMSMarketing\.svn\tmp\svn-564B5242'.
Could not find file 'D:\Backup\Trabalho\AndroidWS\SMSMarketing\.svn\wc.db-journal'.
Could not find file 'D:\Backup\Install64\Android\ADT\eclipse\writtableArea4754349987377944701.dll'.
The process cannot access the file 'H:\Backup\Trabalho\AndroidWS\.metadata\.log' because it is being used by another process.
The process cannot access the file 'H:\Backup\Trabalho\AndroidWS\FragmentsLab\bin\jarlist.cache' because it is being used by another process.
The process cannot access the file 'H:\Backup\Trabalho\AndroidWS\.metadata\.plugins\org.eclipse.core.resources\.root\.indexes\properties.index' because it is being used by another process.
The process cannot access the file 'H:\Backup\Trabalho\AndroidWS\.metadata\.plugins\org.eclipse.core.resources\.root\.indexes\properties.index' because it is being used by another process.
The process cannot access the file 'H:\Backup\Trabalho\AndroidWS\.metadata\.plugins\org.eclipse.core.resources\.root\.indexes\properties.index' because it is being used by another process.
The process cannot access the file 'H:\Backup\Trabalho\AndroidWS\.metadata\.plugins\org.eclipse.core.resources\.root\.indexes\properties.index' because it is being used by another process.
The process cannot access the file 'H:\Backup\Trabalho\AndroidWS\.metadata\.plugins\org.eclipse.core.resources\.root\.indexes\properties.index' because it is being used by another process.
The process cannot access the file 'H:\Backup\Trabalho\AndroidWS\.metadata\.log' because it is being used by another process.
The process cannot access the file 'D:\Backup\Trabalho\AndroidWS\.metadata\.log' because it is being used by another process.
The process cannot access the file 'H:\Backup\Trabalho\AndroidWS\.metadata\.log' because it is being used by another process.
The process cannot access the file 'H:\Backup\Trabalho\AndroidWS\.metadata\.log' because it is being used by another process.
The process cannot access the file 'H:\Backup\Trabalho\AndroidWS\.metadata\.log' because it is being used by another process.
The process cannot access the file 'H:\Backup\Trabalho\AndroidWS\.metadata\.log' because it is being used by another process.
The process cannot access the file 'H:\Backup\Trabalho\AndroidWS\.metadata\.log' because it is being used by another process.
The process cannot access the file 'H:\Backup\Trabalho\AndroidWS\.metadata\.log' because it is being used by another process.
The process cannot access the file 'H:\Backup\Trabalho\AndroidWS\.metadata\.log' because it is being used by another process.
The process cannot access the file 'H:\Backup\Trabalho\AndroidWS\.metadata\.log' because it is being used by another process.
The process cannot access the file 'H:\Backup\Trabalho\AndroidWS\.metadata\.log' because it is being used by another process.
The process cannot access the file 'H:\Backup\Trabalho\AndroidWS\.metadata\.log' because it is being used by another process.
The process cannot access the file 'H:\Backup\Trabalho\AndroidWS\.metadata\.log' because it is being used by another process.
The process cannot access the file 'H:\Backup\Trabalho\AndroidWS\.metadata\.log' because it is being used by another process.
The process cannot access the file 'H:\Backup\Trabalho\AndroidWS\.metadata\.log' because it is being used by another process.
The process cannot access the file 'H:\Backup\Trabalho\AndroidWS\.metadata\.log' because it is being used by another process.
The process cannot access the file 'H:\Backup\Trabalho\AndroidWS\.metadata\.log' because it is being used by another process.
The process cannot access the file 'H:\Backup\Trabalho\AndroidWS\.metadata\.log' because it is being used by another process.
The process cannot access the file 'H:\Backup\Trabalho\AndroidWS\.metadata\.log' because it is being used by another process.
The process cannot access the file 'H:\Backup\Trabalho\AndroidWS\.metadata\.log' because it is being used by another process.
The process cannot access the file 'H:\Backup\Trabalho\AndroidWS\.metadata\.log' because it is being used by another process.
The process cannot access the file 'H:\Backup\Trabalho\AndroidWS\.metadata\.log' because it is being used by another process.
The process cannot access the file 'H:\Backup\Trabalho\AndroidWS\.metadata\.log' because it is being used by another process.
The process cannot access the file 'H:\Backup\Trabalho\AndroidWS\.metadata\.log' because it is being used by another process.
The process cannot access the file 'H:\Backup\Trabalho\AndroidWS\.metadata\.log' because it is being used by another process.
The process cannot access the file 'H:\Backup\Trabalho\AndroidWS\.metadata\.log' because it is being used by another process.
The process cannot access the file 'H:\Backup\Trabalho\AndroidWS\.metadata\.log' because it is being used by another process.
Could not find file 'D:\Backup\Trabalho\AndroidWS\.metadata\.plugins\org.eclipse.jdt.core\1576837568.index.tmp'.
Could not find file 'D:\Backup\Trabalho\AndroidWS\.metadata\.plugins\org.eclipse.jdt.core\1576837568.index.tmp'.
Could not find file 'D:\Backup\Trabalho\AndroidWS\.metadata\.plugins\org.eclipse.jdt.core\1576837568.index.tmp'.
The process cannot access the file 'H:\Backup\Trabalho\AndroidWS\.metadata\.plugins\org.eclipse.core.resources\.projects\iRemember\.indexes\properties.index' because it is being used by another process.
The process cannot access the file 'H:\Backup\Trabalho\AndroidWS\iRemember\bin\classes\edu\vanderbilt\mooc\R$style.class' because it is being used by another process.
Could not find file 'D:\Backup\Trabalho\AndroidWS\.metadata\.plugins\org.eclipse.jdt.core\2276485758.index.tmp'.
Could not find file 'D:\Backup\Trabalho\AndroidWS\.metadata\.plugins\org.eclipse.jdt.core\2276485758.index.tmp'.
Could not find file 'D:\Backup\Trabalho\AndroidWS\.metadata\.plugins\org.eclipse.jdt.core\2276485758.index.tmp'.
Could not find a part of the path 'H:\Backup\Trabalho\AndroidWS\.metadata\.plugins\org.eclipse.jdt.ui\jdt-images\1.png'.
The process cannot access the file 'H:\Backup\Trabalho\AndroidWS\.metadata\.plugins\org.eclipse.core.resources\.root\.indexes\properties.index' because it is being used by another process.
The process cannot access the file 'H:\Backup\Trabalho\AndroidWS\.metadata\.plugins\org.eclipse.core.resources\.root\.indexes\properties.index' because it is being used by another process.
Could not find a part of the path 'H:\Backup\Trabalho\AndroidWS\MusicServiceClient\gen\course\examples\Services\MusicService\R.java'.
Could not find a part of the path 'H:\Backup\Trabalho\AndroidWS\.metadata\.plugins\org.eclipse.jdt.ui\jdt-images\2.png'.
Could not find a part of the path 'H:\Backup\Trabalho\AndroidWS\.metadata\.plugins\org.eclipse.jdt.ui\jdt-images\3.png'.
Could not find a part of the path 'H:\Backup\Trabalho\AndroidWS\MusicServiceClient\src\course\examples\Services\MusicService\AndroidExplorer.java'.
Could not find a part of the path 'H:\Backup\Trabalho\AndroidWS\.metadata\.plugins\org.eclipse.core.resources\.history\11\00e5c7ed6dd0001310debc864de58f5c'.
The process cannot access the file 'H:\Backup\Trabalho\AndroidWS\.metadata\.plugins\org.eclipse.core.resources\.projects\MusicServiceClient\.indexes\properties.index' because it is being used by another process.
The process cannot access the file 'H:\Backup\Trabalho\AndroidWS\.metadata\.plugins\org.eclipse.core.resources\.projects\MusicServiceClient\.indexes\properties.index' because it is being used by another process.
The process cannot access the file 'H:\Backup\Trabalho\AndroidWS\.metadata\.plugins\org.eclipse.core.resources\.projects\MusicServiceClient\.indexes\properties.index' because it is being used by another process.
Could not find file 'D:\Backup\Trabalho\AndroidWS\.metadata\.plugins\org.eclipse.jdt.core\3493945764.index.tmp'.
Could not find file 'D:\Backup\Trabalho\AndroidWS\.metadata\.plugins\org.eclipse.jdt.core\3493945764.index.tmp'.
Could not find file 'D:\Backup\Trabalho\AndroidWS\.metadata\.plugins\org.eclipse.jdt.core\3493945764.index.tmp'.
Could not find file 'D:\Backup\Install64\Android\ADT\eclipse\writtableArea5119140558800332093.dll'.
The process cannot access the file 'H:\Backup\Trabalho\AndroidWS\LocationGetLocationActivity\bin\classes\course\examples\Location\GetLocation\R$layout.class' because it is being used by another process.
The process cannot access the file 'H:\Backup\Trabalho\AndroidWS\.metadata\.plugins\org.eclipse.core.resources\.projects\LocationLab\.indexes\properties.index' because it is being used by another process.
The process cannot access the file 'H:\Backup\Trabalho\AndroidWS\MapLocation\bin\classes\course\examples\MapLocation\R$string.class' because it is being used by another process.
The process cannot access the file 'H:\Backup\Trabalho\AndroidWS\iRemember\bin\classes\edu\vanderbilt\mooc\R$id.class' because it is being used by another process.
The process cannot access the file 'H:\Backup\Trabalho\AndroidWS\iRemember\bin\classes\edu\vanderbilt\mooc\R$xml.class' because it is being used by another process.
Could not find a part of the path 'H:\Backup\Trabalho\AndroidWS\.metadata\.plugins\org.eclipse.core.resources\.history\19\c09a64116fd00013163d841387cbc658'.
Could not find a part of the path 'H:\Backup\Trabalho\AndroidWS\.metadata\.plugins\org.eclipse.core.resources\.history\dc\b0e466116fd00013163d841387cbc658'.
Could not find a part of the path 'H:\Backup\Trabalho\AndroidWS\.metadata\.plugins\org.eclipse.core.resources\.history\37\c04073116fd00013163d841387cbc658'.
The process cannot access the file 'D:\Backup\Trabalho\Curriculum\SP 2013\~WRD0000.tmp' because it is being used by another process.
ERROR: can't rename file >> Não é possível criar um arquivo já existente.

ERROR: can't rename file >> Não é possível criar um arquivo já existente.

Could not find file 'D:\Backup\Trabalho\Source\CloneVBNET\CloneRepo\trunk\Clone\bin\Debug\vs650.tmp'.
The process cannot access the file 'H:\Backup\Trabalho\Source\CloneVBNET\CloneRepo\trunk\Clone\obj\x86\Debug\GenerateResource.write.1.tlog' because it is being used by another process.
Could not find file 'D:\Backup\Trabalho\Source\CloneVBNET\CloneRepo\trunk\Clone\bin\Debug\vsA893.tmp'.
Could not find file 'D:\Backup\Trabalho\Source\CloneVBNET\CloneRepo\trunk\images\dbase_help_icon.jpg'.
Could not find file 'D:\Backup\Trabalho\Source\CloneVBNET\CloneRepo\.svn\wc.db-journal'.
Could not find file 'D:\Backup\Trabalho\Source\CloneVBNET\CloneRepo\.svn\wc.db-journal'.
